[0m18:53:12.729068 [debug] [MainThread]: Sending event: {'category': 'dbt', 'action': 'invocation', 'label': 'start', 'context': [<snowplow_tracker.self_describing_json.SelfDescribingJson object at 0x0000019C32027F50>, <snowplow_tracker.self_describing_json.SelfDescribingJson object at 0x0000019C317F3350>, <snowplow_tracker.self_describing_json.SelfDescribingJson object at 0x0000019C313EABA0>]}


============================== 18:53:12.755598 | ed8c26c3-875e-4c52-8f50-efbf32032c7b ==============================
[0m18:53:12.755598 [info ] [MainThread]: Running with dbt=1.10.13
[0m18:53:12.755598 [debug] [MainThread]: running dbt with arguments {'printer_width': '80', 'no_print': 'None', 'target_path': 'None', 'profiles_dir': 'C:\\Users\\mhajiyev\\.dbt', 'invocation_command': 'dbt init smart_sales_dbt', 'warn_error': 'None', 'log_path': 'logs', 'fail_fast': 'False', 'partial_parse': 'True', 'send_anonymous_usage_stats': 'True', 'static_parser': 'True', 'warn_error_options': 'WarnErrorOptionsV2(error=[], warn=[], silence=[])', 'indirect_selection': 'eager', 'use_experimental_parser': 'False', 'version_check': 'True', 'quiet': 'False', 'introspect': 'True', 'empty': 'None', 'log_cache_events': 'False', 'debug': 'False', 'log_format': 'default', 'use_colors': 'True', 'cache_selected_only': 'False', 'write_json': 'True'}
[0m18:53:12.858613 [info ] [MainThread]: Creating dbt configuration folder at C:\Users\mhajiyev\.dbt
[0m18:53:12.863736 [debug] [MainThread]: Starter project path: C:\Users\mhajiyev\projects\smart-store-mahammadhajiyev\.venv\Lib\site-packages\dbt\include\starter_project
[0m18:53:12.883368 [info ] [MainThread]: 
Your new dbt project "smart_sales_dbt" was created!

For more information on how to configure the profiles.yml file,
please consult the dbt documentation here:

  https://docs.getdbt.com/docs/configure-your-profile

One more thing:

Need help? Don't hesitate to reach out to us via GitHub issues or on Slack:

  https://community.getdbt.com/

Happy modeling!

[0m18:53:12.883368 [info ] [MainThread]: Setting up your profile.
[0m19:04:28.695744 [error] [MainThread]: Encountered an error:
list index out of range
[0m19:04:28.695744 [error] [MainThread]: Traceback (most recent call last):
  File "C:\Users\mhajiyev\projects\smart-store-mahammadhajiyev\.venv\Lib\site-packages\dbt\cli\requires.py", line 178, in wrapper
    result, success = func(*args, **kwargs)
                      ^^^^^^^^^^^^^^^^^^^^^
  File "C:\Users\mhajiyev\projects\smart-store-mahammadhajiyev\.venv\Lib\site-packages\dbt\cli\requires.py", line 128, in wrapper
    return func(*args, **kwargs)
           ^^^^^^^^^^^^^^^^^^^^^
  File "C:\Users\mhajiyev\projects\smart-store-mahammadhajiyev\.venv\Lib\site-packages\dbt\cli\main.py", line 483, in init
    results = task.run()
              ^^^^^^^^^^
  File "C:\Users\mhajiyev\projects\smart-store-mahammadhajiyev\.venv\Lib\site-packages\dbt\task\init.py", line 346, in run
    self.setup_profile(profile_name)
  File "C:\Users\mhajiyev\projects\smart-store-mahammadhajiyev\.venv\Lib\site-packages\dbt\task\init.py", line 261, in setup_profile
    adapter = self.ask_for_adapter_choice()
              ^^^^^^^^^^^^^^^^^^^^^^^^^^^^^
  File "C:\Users\mhajiyev\projects\smart-store-mahammadhajiyev\.venv\Lib\site-packages\dbt\task\init.py", line 243, in ask_for_adapter_choice
    return available_adapters[numeric_choice - 1]
           ~~~~~~~~~~~~~~~~~~^^^^^^^^^^^^^^^^^^^^
IndexError: list index out of range

[0m19:04:28.710361 [debug] [MainThread]: Command `dbt init` failed at 19:04:28.695744 after 676.13 seconds
[0m19:04:28.710361 [debug] [MainThread]: Sending event: {'category': 'dbt', 'action': 'invocation', 'label': 'end', 'context': [<snowplow_tracker.self_describing_json.SelfDescribingJson object at 0x0000019C33648830>, <snowplow_tracker.self_describing_json.SelfDescribingJson object at 0x0000019C33A5CD10>, <snowplow_tracker.self_describing_json.SelfDescribingJson object at 0x0000019C33E67E90>]}
[0m19:04:28.710361 [debug] [MainThread]: Flushing usage events
[0m19:04:31.118988 [debug] [MainThread]: An error was encountered while trying to flush usage events
